nextcloud-nginx
nginx
nginx-filesystem
nginx-mimetypes
nginx-mod-http-geoip
nginx-mod-http-image-filter
nginx-mod-stream
pcre
pcre-cpp
pcre-devel
pcre-utf16
pcre-utf32
php-PHPParser
php-PsrLog
php-aws-sdk
php-bantu-ini-get-wrapper
php-bcmath
php-channel-dropbox-php
php-cli
php-common
php-doctrine-annotations
php-doctrine-cache
php-doctrine-collections
php-doctrine-common
php-doctrine-dbal
php-doctrine-inflector
php-doctrine-lexer
php-dropbox-php-Dropbox
php-fedora-autoloader
php-fpm
php-gd
php-gmp
php-google-apiclient1
php-guzzle-Guzzle
php-guzzlehttp-guzzle
php-guzzlehttp-ringphp
php-guzzlehttp-streams
php-icewind-smb
php-icewind-streams
php-interfasys-lognormalizer
php-intl
php-jeremeamia-superclosure
php-json
php-ldap
php-league-flysystem
php-lukasreschke-id3parser
php-mbstring
php-mcnetic-zipstreamer
php-mcrypt
php-mysqlnd
php-natxet-cssmin
php-onelogin-php-saml
php-opcache
php-opencloud
php-owncloud-tarstreamer
php-paragonie-random-compat
php-password-compat
php-patchwork-jsqueeze
php-patchwork-utf8
php-pdo
php-pear
php-pear-Auth-SASL
php-pear-Cache-Lite
php-pear-DB
php-pear-HTTP-OAuth
php-pear-HTTP-Request2
php-pear-Log
php-pear-MDB2
php-pear-Mail
php-pear-Net-SMTP
php-pear-Net-Socket
php-pear-Net-URL2
php-pecl-apcu
php-pecl-http
php-pecl-igbinary
php-pecl-imagick
php-pecl-json-post
php-pecl-memcached
php-pecl-mongodb
php-pecl-msgpack
php-pecl-oauth
php-pecl-propro
php-pecl-raphf
php-pecl-redis
php-pecl-uuid
php-pecl-xdebug
php-pecl-yaml
php-pecl-zip
php-phpseclib
php-pimple-lib
php-process
php-punic
php-react-promise
php-robrichards-xmlseclibs1
php-sabre-dav
php-sabre-event
php-sabre-http
php-sabre-uri
php-sabre-vobject
php-sabre-xml
php-smbclient
php-swiftmailer
php-symfony-browser-kit
php-symfony-class-loader
php-symfony-common
php-symfony-config
php-symfony-console
php-symfony-css-selector
php-symfony-debug
php-symfony-dependency-injection
php-symfony-dom-crawler
php-symfony-event-dispatcher
php-symfony-expression-language
php-symfony-filesystem
php-symfony-finder
php-symfony-http-foundation
php-symfony-http-kernel
php-symfony-polyfill
php-symfony-process
php-symfony-routing
php-symfony-var-dumper
php-symfony-yaml
php-xml
memcached
GeoIP
ImageMagick-libs
git
